Case #1: Anshuman Atol Paul Wai
Case #2: Anh Luiz Ranjeeth Roman Steaphan Weitao Weitao Zihing
Case #3: Anil Igor Purav Sanjeet
Case #4: Philip Tom Wesley Zhen
Case #5: Atol Clifton Clifton Doan John John Purav Song
Case #6: Anil Aravind Jan Jan Victor Viswanath
Case #7: Fabien Weiyan
Case #8: Anil Lin Phil Ranjeeth Song Torbjorn
Case #9: Amol Andrei Andrii Aravind David John Nima Paul Rudradev Vladislav
Case #10: Fabien Kittipat Liang Paul
Case #11: Aleksandar Andras Anshuman Erling Manohar Xiao
Case #12: Purav Slawek Wai Weiyan
Case #13: Chirag Viswanath
Case #14: Aravind Mehdi Weiyan Xiao
Case #15: Aleksandar Aravind Bhuwan Igor
Case #16: Doan Duc Gaurav John John Jordan Liang Rudradev Thomas Viswanath
Case #17: Anshuman Manohar Meihong Nima
Case #18: Atol Bhuwan Bhuwan Lin Nima Vladislav Voja Voja Yingsheng Zainab
Case #19: Anil Doan Duc Fabien Manohar Paul Rajat Yintao
Case #20: Doan John
