Case #1: PWEOGBYEKFDCGE
Case #2: OGCS
Case #3: ZZZZZZZZZZZZZZZZZZZZZZZZZZZZZZZZZZZZZZZZZZZZZZZZZZ
Case #4: JQSAAVLHAJSRXHHCL
Case #5: HGNAXYLOBNYFHW
Case #6: FACEBOOK
Case #7: EGGOQQGGOGOQOGOZQOZZQQZOZGG
Case #8: MOMXMPMOPOXMOXXPPXXOXXPMPMOPPOMX
Case #9: AORFKOHPCBFOUIAJ
Case #10: UQRRQIVIOLKFCFF
Case #11: BCRBMPTPIEZTGQR
Case #12: ACACCCBBCCCBBACBCAACCABCBCBABABCCABACBBA
Case #13: GOROQVGVQQQSVGROOVOVSOOQV
Case #14: DFFHLLFDFLLDHHFHDLDFFFHHFHHHFLFF
Case #15: ZEF
Case #16: BAYBYGYLGAGLFAGBHHF
Case #17: THE
Case #18: ACPPBQEFZPEBZAH
Case #19: DOXLRCSUTIRANV
Case #20: DVEUKQQMVBMKWAKA
