Case #1: 33.333334 66.666667
Case #2: 0.000000 99.999999
Case #3: 25.000000 25.000000 25.000000 25.000000
Case #4: 34.666666 26.666667 38.666666
Case #5: 13.609467 18.639053 17.455621 0.000000 14.497041 18.047337 17.751479
Case #6: 7.860395 16.813353 7.253414 9.833080 7.101669 5.128983 10.743550 14.688922 7.101669 13.474962
Case #7: 14.285714 0.000000 14.285714 14.285714 14.285714 14.285714 14.285714 14.285714
Case #8: 22.500000 25.000000 23.214286 4.285714 25.000000
Case #9: 0.000000 99.999999
Case #10: 33.115468 0.000000 33.115468 33.769063 0.000000
Case #11: 33.086420 0.000000 0.000000 33.827160 33.086420
Case #12: 9.039242 13.234100 7.415426 9.174560 9.715832 9.039242 9.039242 10.933694 11.610284 10.798376
Case #13: 0.000000 33.500838 32.998325 33.500838 0.000000
Case #14: 33.597884 33.597884 0.000000 0.000000 32.804233
Case #15: 9.999999 9.999999 9.999999 9.999999 9.999999 9.999999 9.999999 9.999999 9.999999 9.999999
Case #16: 46.315790 53.684211
Case #17: 73.529412 26.470588
Case #18: 33.333334 66.666667
Case #19: 16.666666 16.666666 16.666666 16.666666 16.666666 16.666666
Case #20: 50.000000 50.000000
